. arima ln_inc, arima(3,1,3)

(setting optimization to BHHH)
Iteration 0:   log likelihood =  270.31907  
Iteration 1:   log likelihood =  274.68144  
Iteration 2:   log likelihood =  276.35436  
Iteration 3:   log likelihood =  277.54725  
Iteration 4:   log likelihood =    278.059  
(switching optimization to BFGS)
Iteration 5:   log likelihood =  278.30896  
Iteration 6:   log likelihood =  278.77259  
Iteration 7:   log likelihood =  278.78656  
Iteration 8:   log likelihood =  279.11859  
Iteration 9:   log likelihood =   279.5552  
Iteration 10:  log likelihood =   279.5552  (backed up)
Iteration 11:  log likelihood =  279.70686  (backed up)
Iteration 12:  log likelihood =  280.14331  
Iteration 13:  log likelihood =  280.39292  
Iteration 14:  log likelihood =   280.4006  
(switching optimization to BHHH)
Iteration 15:  log likelihood =  280.40117  
Iteration 16:  log likelihood =  280.40177  (backed up)
Iteration 17:  log likelihood =   280.4201  
Iteration 18:  log likelihood =  280.42064  
Iteration 19:  log likelihood =  280.43726  
(switching optimization to BFGS)
Iteration 20:  log likelihood =  280.49572  
Iteration 21:  log likelihood =  280.67651  
Iteration 22:  log likelihood =  280.74026  
Iteration 23:  log likelihood =   280.7466  
Iteration 24:  log likelihood =  281.03547  
Iteration 25:  log likelihood =  281.05958  
Iteration 26:  log likelihood =  281.06647  
Iteration 27:  log likelihood =  281.06818  
Iteration 28:  log likelihood =  281.06845  
Iteration 29:  log likelihood =  281.06846  

ARIMA regression

Sample:  1960q2 - 1982q4                        Number of obs      =        91
                                                Wald chi2(6)       =     47.81
Log likelihood =  281.0685                      Prob > chi2        =    0.0000

------------------------------------------------------------------------------
             |                 OPG
    D.ln_inc |      Coef.   Std. Err.      z    P>|z|     [95% Conf. Interval]
-------------+----------------------------------------------------------------
ln_inc       |
       _cons |   .0193814   .0022928     8.45   0.000     .0148877    .0238752
-------------+----------------------------------------------------------------
ARMA         |
          ar |
         L1. |   .3524409   .3992522     0.88   0.377    -.4300791    1.134961
         L2. |   .5973378   .1728554     3.46   0.001     .2585474    .9361281
         L3. |  -.3721901   .3633335    -1.02   0.306    -1.084311    .3399305
             |
          ma |
         L1. |  -.2371601   480.2177    -0.00   1.000    -941.4465    940.9722
         L2. |  -.6004014   593.9994    -0.00   0.999    -1164.818    1163.617
         L3. |   .6367674   305.7404     0.00   0.998    -598.6033    599.8769
-------------+----------------------------------------------------------------
      /sigma |   .0108757    2.61138     0.00   0.498            0    5.129086
------------------------------------------------------------------------------
Note: The test of the variance against zero is one sided, and the two-sided confidence interval is truncated at zero.
(1 missing value generated)
. armaroots

   Characteristic roots of AR-polynomial
  +-----------------------------------------------------+
  |    Characteristic roots  |   Modulus   |   Period   |
  |--------------------------+-------------+------------|
  |  -.8551112               |   .855111   |            |
  |    .603776 +  .2659097i  |   .659737   |     15.1   |
  |    .603776 -  .2659097i  |   .659737   |     15.1   |
  +-----------------------------------------------------+

   Characteristic roots of MA-polynomial
  +-----------------------------------------------------+
  |    Characteristic roots  |   Modulus   |   Period   |
  |--------------------------+-------------+------------|
  |  -1.000003               |         1   |            |
  |   .6185815 +  .5041055i  |   .797976   |     9.19   |
  |   .6185815 -  .5041055i  |   .797976   |     9.19   |
  +-----------------------------------------------------+
