. reg ln_consump L(1/4).ln_consump ln_inc ln_inv

      Source |       SS       df       MS              Number of obs =      88
-------------+------------------------------           F(  6,    81) =55970.25
       Model |  22.3174282     6  3.71957137           Prob > F      =  0.0000
    Residual |  .005382954    81  .000066456           R-squared     =  0.9998
-------------+------------------------------           Adj R-squared =  0.9997
       Total |  22.3228112    87  .256584037           Root MSE      =  .00815

------------------------------------------------------------------------------
  ln_consump |      Coef.   Std. Err.      t    P>|t|     [95% Conf. Interval]
-------------+----------------------------------------------------------------
  ln_consump |
         L1. |   .4046597   .1056179     3.83   0.000     .1945131    .6148062
         L2. |   .2783657   .1128595     2.47   0.016     .0538107    .5029207
         L3. |   .1180614    .111389     1.06   0.292    -.1035678    .3396905
         L4. |  -.1543535   .0870547    -1.77   0.080     -.327565    .0188579
             |
      ln_inc |   .3326671   .0489638     6.79   0.000     .2352445    .4300897
      ln_inv |    .009699   .0120582     0.80   0.424    -.0142931    .0336911
       _cons |   .0492794   .0134815     3.66   0.000     .0224554    .0761033
------------------------------------------------------------------------------
