
      Source |       SS       df       MS              Number of obs =      88
-------------+------------------------------           F(  6,    81) =   11.06
       Model |  .004719858     6  .000786643           Prob > F      =  0.0000
    Residual |  .005759951    81  .000071111           R-squared     =  0.4504
-------------+------------------------------           Adj R-squared =  0.4097
       Total |  .010479809    87  .000120458           Root MSE      =  .00843

------------------------------------------------------------------------------
 dln_consump |      Coef.   Std. Err.      t    P>|t|     [95% Conf. Interval]
-------------+----------------------------------------------------------------
 dln_consump |
         L1. |  -.2673194    .087738    -3.05   0.003    -.4418905   -.0927483
         L2. |   .1660194   .0843342     1.97   0.052    -.0017792     .333818
         L3. |   .2591583   .0865452     2.99   0.004     .0869605    .4313562
             |
     dln_inc |   .4554999   .0815985     5.58   0.000     .2931446    .6178553
     dln_inv |    .062451   .0202667     3.08   0.003     .0221265    .1027754
             |
  ln_consump |
         L1. |  -.0004039   .0018446    -0.22   0.827    -.0040741    .0032664
             |
       _cons |    .008395   .0138116     0.61   0.545    -.0190858    .0358757
------------------------------------------------------------------------------
