. var dln_consump dln_inc dln_inv, lags(1/4) dfk

Vector autoregression

Sample:  1961q2 - 1982q4                           No. of obs      =        87
Log likelihood =  738.3533                         AIC             = -16.07709
FPE            =  2.11e-11                         HQIC            = -15.63197
Det(Sigma_ml)  =  8.53e-12                         SBIC            = -14.97168

Equation           Parms      RMSE     R-sq      chi2     P>chi2
----------------------------------------------------------------
dln_consump          13     .009863   0.3108   33.37069   0.0008
dln_inc              13     .011582   0.1728    15.4603   0.2172
dln_inv              13     .043414   0.1950   17.92655   0.1179
----------------------------------------------------------------

------------------------------------------------------------------------------
             |      Coef.   Std. Err.      z    P>|z|     [95% Conf. Interval]
-------------+----------------------------------------------------------------
dln_consump  |
 dln_consump |
         L1. |  -.4186234   .1462402    -2.86   0.004    -.7052489   -.1319979
         L2. |  -.1654575   .1601944    -1.03   0.302    -.4794328    .1485178
         L3. |   .0699281    .148281     0.47   0.637    -.2206974    .3605536
         L4. |    .025482   .1316879     0.19   0.847    -.2326216    .2835856
             |
     dln_inc |
         L1. |   .2971221   .1203449     2.47   0.014     .0612505    .5329937
         L2. |   .3767172   .1288433     2.92   0.003     .1241891    .6292454
         L3. |   .2181382   .1315844     1.66   0.097    -.0397625    .4760389
         L4. |   .0940014   .1226229     0.77   0.443    -.1463351    .3343378
             |
     dln_inv |
         L1. |   .0043691   .0261169     0.17   0.867    -.0468191    .0555573
         L2. |   .0395284   .0274742     1.44   0.150      -.01432    .0933769
         L3. |   .0087278   .0281372     0.31   0.756    -.0464201    .0638758
         L4. |   -.025073   .0268227    -0.93   0.350    -.0776445    .0274986
             |
       _cons |   .0076971   .0039049     1.97   0.049     .0000436    .0153507
-------------+----------------------------------------------------------------
dln_inc      |
 dln_consump |
         L1. |   .1913047   .1717152     1.11   0.265     -.145251    .5278603
         L2. |  -.0049856   .1881002    -0.03   0.979    -.3736552    .3636841
         L3. |  -.0085702   .1741116    -0.05   0.961    -.3498226    .3326822
         L4. |   .0246611    .154628     0.16   0.873    -.2784042    .3277263
             |
     dln_inc |
         L1. |  -.0722509   .1413089    -0.51   0.609    -.3492113    .2047094
         L2. |   .0380503   .1512877     0.25   0.801    -.2584682    .3345688
         L3. |   .1734287   .1545064     1.12   0.262    -.1293983    .4762557
         L4. |  -.0531727   .1439838    -0.37   0.712    -.3353757    .2290303
             |
     dln_inv |
         L1. |   .0480724   .0306665     1.57   0.117    -.0120328    .1081776
         L2. |   .0582109   .0322602     1.80   0.071     -.005018    .1214397
         L3. |    .016095   .0330387     0.49   0.626    -.0486597    .0808498
         L4. |  -.0028715   .0314952    -0.09   0.927    -.0646011     .058858
             |
       _cons |    .011433   .0045852     2.49   0.013     .0024462    .0204198
-------------+----------------------------------------------------------------
dln_inv      |
 dln_consump |
         L1. |   .4213112   .6436848     0.65   0.513    -.8402878     1.68291
         L2. |   .4410982   .7051051     0.63   0.532    -.9408823    1.823079
         L3. |  -.0088644   .6526676    -0.01   0.989    -1.288069    1.270341
         L4. |  -.5482858   .5796322    -0.95   0.344    -1.684344    .5877724
             |
     dln_inc |
         L1. |   .4098625   .5297049     0.77   0.439    -.6283401    1.448065
         L2. |  -.1649085   .5671112    -0.29   0.771    -1.276426     .946609
         L3. |   .0542709   .5791765     0.09   0.925    -1.080894    1.189436
         L4. |  -.2581422   .5397318    -0.48   0.632    -1.315997    .7997127
             |
     dln_inv |
         L1. |  -.2678892   .1149551    -2.33   0.020    -.4931972   -.0425813
         L2. |  -.0702267   .1209292    -0.58   0.561    -.3072437    .1667902
         L3. |   .1621356   .1238476     1.31   0.190    -.0806013    .4048725
         L4. |   .3186896   .1180618     2.70   0.007     .0872927    .5500865
             |
       _cons |   .0071406   .0171878     0.42   0.678    -.0265469    .0408281
------------------------------------------------------------------------------
. varsoc

   Selection-order criteria
   Sample:  1961q2 - 1982q4                     Number of obs      =        87
  +---------------------------------------------------------------------------+
  |lag |    LL      LR      df    p      FPE       AIC      HQIC      SBIC    |
  |----+----------------------------------------------------------------------|
  |  0 |  696.398                      2.4e-11  -15.9402  -15.9059  -15.8552* |
  |  1 |  711.682  30.568    9  0.000  2.1e-11  -16.0846  -15.9477* -15.7445  |
  |  2 |  724.696  26.028    9  0.002  1.9e-11* -16.1769* -15.9372  -15.5817  |
  |  3 |  729.124  8.8557    9  0.451  2.1e-11  -16.0718  -15.7294  -15.2215  |
  |  4 |  738.353  18.458*   9  0.030  2.1e-11  -16.0771   -15.632  -14.9717  |
  +---------------------------------------------------------------------------+
   Endogenous:  dln_consump dln_inc dln_inv
    Exogenous:  _cons
