. var dln_consump dln_inc dln_inv, lags(1/3) dfk

Vector autoregression

Sample:  1961q1 - 1982q4                           No. of obs      =        88
Log likelihood =  737.5558                         AIC             = -16.08081
FPE            =  2.09e-11                         HQIC            = -15.74057
Det(Sigma_ml)  =  1.05e-11                         SBIC            = -15.23627

Equation           Parms      RMSE     R-sq      chi2     P>chi2
----------------------------------------------------------------
dln_consump          10      .00973   0.2953   32.68978   0.0002
dln_inc              10     .011309   0.1800   17.12733   0.0468
dln_inv              10     .045251   0.1096   9.599902   0.3838
----------------------------------------------------------------

------------------------------------------------------------------------------
             |      Coef.   Std. Err.      z    P>|z|     [95% Conf. Interval]
-------------+----------------------------------------------------------------
dln_consump  |
 dln_consump |
         L1. |  -.3930788   .1385722    -2.84   0.005    -.6646753   -.1214823
         L2. |  -.1281016   .1441055    -0.89   0.374    -.4105431      .15434
         L3. |   .1015717   .1278624     0.79   0.427     -.149034    .3521773
             |
     dln_inc |
         L1. |   .2940007   .1174905     2.50   0.012     .0637236    .5242778
         L2. |   .3438497   .1205479     2.85   0.004     .1075802    .5801192
         L3. |   .1810283   .1187276     1.52   0.127    -.0516734    .4137301
             |
     dln_inv |
         L1. |   .0034602   .0256856     0.13   0.893    -.0468826    .0538031
         L2. |   .0437956   .0264529     1.66   0.098    -.0080512    .0956423
         L3. |   .0168297   .0263789     0.64   0.523     -.034872    .0685314
             |
       _cons |   .0091472   .0034369     2.66   0.008     .0024111    .0158833
-------------+----------------------------------------------------------------
dln_inc      |
 dln_consump |
         L1. |   .1923453    .161054     1.19   0.232    -.1233148    .5080055
         L2. |  -.0339177    .167485    -0.20   0.840    -.3621824     .294347
         L3. |  -.0434862   .1486067    -0.29   0.770      -.33475    .2477776
             |
     dln_inc |
         L1. |  -.0815851    .136552    -0.60   0.550    -.3492222     .186052
         L2. |   .0624807   .1401055     0.45   0.656     -.212121    .3370824
         L3. |   .1984851   .1379898     1.44   0.150      -.07197    .4689402
             |
     dln_inv |
         L1. |   .0476297   .0298528     1.60   0.111    -.0108808    .1061401
         L2. |   .0598946   .0307446     1.95   0.051    -.0003637    .1201529
         L3. |   .0155151   .0306586     0.51   0.613    -.0445747    .0756048
             |
       _cons |    .011234   .0039945     2.81   0.005      .003405     .019063
-------------+----------------------------------------------------------------
dln_inv      |
 dln_consump |
         L1. |   .4585587    .644436     0.71   0.477    -.8045127     1.72163
         L2. |   .4443132   .6701688     0.66   0.507    -.8691936     1.75782
         L3. |   -.199181   .5946297    -0.33   0.738    -1.364634    .9662718
             |
     dln_inc |
         L1. |   .3711541   .5463946     0.68   0.497    -.6997597    1.442068
         L2. |   .2534399   .5606132     0.45   0.651    -.8453418    1.352222
         L3. |   .3569366   .5521478     0.65   0.518    -.7252532    1.439126
             |
     dln_inv |
         L1. |  -.2598316   .1194521    -2.18   0.030    -.4939533   -.0257098
         L2. |  -.1253296   .1230204    -1.02   0.308    -.3664451     .115786
         L3. |   .0466697   .1226763     0.38   0.704    -.1937714    .2871107
             |
       _cons |  -.0100135   .0159833    -0.63   0.531    -.0413401    .0213131
------------------------------------------------------------------------------
. varsoc

   Selection-order criteria
   Sample:  1961q1 - 1982q4                     Number of obs      =        88
  +---------------------------------------------------------------------------+
  |lag |    LL      LR      df    p      FPE       AIC      HQIC      SBIC    |
  |----+----------------------------------------------------------------------|
  |  0 |  703.801                      2.4e-11  -15.9273  -15.8933  -15.8428* |
  |  1 |  719.587  31.572    9  0.000  2.1e-11  -16.0815  -15.9454* -15.7437  |
  |  2 |  732.981  26.787*   9  0.002  1.9e-11* -16.1814* -15.9432  -15.5902  |
  |  3 |  737.556  9.1506    9  0.423  2.1e-11  -16.0808  -15.7406  -15.2363  |
  +---------------------------------------------------------------------------+
   Endogenous:  dln_consump dln_inc dln_inv
    Exogenous:  _cons
