. dln_consump dln_inc dln_inv, lags(1/2) dfk

Vector autoregression

Sample:  1960q4 - 1982q4                           No. of obs      =        89
Log likelihood =  742.2131                         AIC             = -16.20704
FPE            =  1.84e-11                         HQIC            = -15.97035
Det(Sigma_ml)  =  1.15e-11                         SBIC            = -15.61983

Equation           Parms      RMSE     R-sq      chi2     P>chi2
----------------------------------------------------------------
dln_consump           7     .009938   0.2400   25.88962   0.0002
dln_inc               7     .011224   0.1514   14.62996   0.0233
dln_inv               7     .044295   0.1051   9.633771   0.1409
----------------------------------------------------------------

------------------------------------------------------------------------------
             |      Coef.   Std. Err.      z    P>|z|     [95% Conf. Interval]
-------------+----------------------------------------------------------------
dln_consump  |
 dln_consump |
         L1. |  -.2845172   .1274068    -2.23   0.026    -.5342299   -.0348044
         L2. |  -.1159776   .1270233    -0.91   0.361    -.3649386    .1329834
             |
     dln_inc |
         L1. |   .2893204    .112313     2.58   0.010      .069191    .5094497
         L2. |   .3664341   .1089872     3.36   0.001     .1528231    .5800451
             |
     dln_inv |
         L1. |   .0027381   .0255556     0.11   0.915    -.0473499    .0528261
         L2. |   .0497402    .025462     1.95   0.051    -.0001644    .0996447
             |
       _cons |   .0123795   .0029602     4.18   0.000     .0065776    .0181813
-------------+----------------------------------------------------------------
dln_inc      |
 dln_consump |
         L1. |   .3050571   .1438994     2.12   0.034     .0230195    .5870947
         L2. |   .0490208   .1434662     0.34   0.733    -.2321677    .3302094
             |
     dln_inc |
         L1. |  -.1232543   .1268517    -0.97   0.331     -.371879    .1253704
         L2. |   .0209769   .1230954     0.17   0.865    -.2202857    .2622394
             |
     dln_inv |
         L1. |   .0433473   .0288637     1.50   0.133    -.0132244    .0999191
         L2. |   .0616319    .028758     2.14   0.032     .0052673    .1179965
             |
       _cons |   .0125949   .0033434     3.77   0.000      .006042    .0191478
-------------+----------------------------------------------------------------
dln_inv      |
 dln_consump |
         L1. |   .6520473   .5678885     1.15   0.251    -.4609936    1.765088
         L2. |   .5980687    .566179     1.06   0.291    -.5116217    1.707759
             |
     dln_inc |
         L1. |   .3374819   .5006109     0.67   0.500    -.6436975    1.318661
         L2. |   .1827302   .4857871     0.38   0.707    -.7693951    1.134855
             |
     dln_inv |
         L1. |  -.2725654   .1139085    -2.39   0.017    -.4958218   -.0493089
         L2. |  -.1340503   .1134912    -1.18   0.238    -.3564891    .0883884
             |
       _cons |  -.0099191   .0131944    -0.75   0.452    -.0357798    .0159415
------------------------------------------------------------------------------
. varsoc

   Selection-order criteria
   Sample:  1960q4 - 1982q4                     Number of obs      =        89
  +---------------------------------------------------------------------------+
  |lag |    LL      LR      df    p      FPE       AIC      HQIC      SBIC    |
  |----+----------------------------------------------------------------------|
  |  0 |  712.092                      2.4e-11  -15.9346  -15.9008  -15.8508* |
  |  1 |  728.167   32.15    9  0.000  2.1e-11  -16.0936  -15.9584  -15.7581  |
  |  2 |  742.213  28.092*   9  0.001  1.8e-11*  -16.207* -15.9704* -15.6198  |
  +---------------------------------------------------------------------------+
   Endogenous:  dln_consump dln_inc dln_inv
    Exogenous:  _cons
