. var dln_consump dln_inc dln_inv, lags(1/2) dfk constraint (1 2 3 4 5 6 7 8)
Estimating VAR coefficients

Iteration 1:   tolerance =  .08076175
Iteration 2:   tolerance =  .00197295
Iteration 3:   tolerance =   .0000493
Iteration 4:   tolerance =  1.529e-06
Iteration 5:   tolerance =  5.099e-08


Vector autoregression

Sample:  1960q4 - 1982q4                           No. of obs      =        89
Log likelihood =  739.5869                         AIC             = -16.14802
FPE            =  2.18e-15                         HQIC            = -15.91133
Det(Sigma_ml)  =  1.63e-15                         SBIC            = -15.56081

Equation           Parms      RMSE     R-sq      chi2     P>chi2
----------------------------------------------------------------
dln_consump           5     .009606   0.2292   37.83738   0.0000
dln_inc               4      .01085   0.1394   15.67358   0.0013
dln_inv               4     .042994   0.0849   9.673415   0.0216
----------------------------------------------------------------

 ( 1)  [dln_consump]L.dln_inv = 0
 ( 2)  [dln_inc]L2.dln_inc = 0
 ( 3)  [dln_inv]L2.dln_inc = 0
 ( 4)  [dln_inc]L2.dln_consump = 0
 ( 5)  [dln_inv]L.dln_inc = 0
 ( 6)  [dln_inc]L.dln_inc = 0
 ( 7)  [dln_inv]L2.dln_inv = 0
 ( 8)  [dln_consump]L2.dln_consump = 0
------------------------------------------------------------------------------
             |      Coef.   Std. Err.      z    P>|z|     [95% Conf. Interval]
-------------+----------------------------------------------------------------
dln_consump  |
 dln_consump |
         L1. |  -.2560975   .1075375    -2.38   0.017    -.4668671   -.0453279
         L2. |   2.70e-18   1.79e-17     0.15   0.880    -3.24e-17    3.78e-17
             |
     dln_inc |
         L1. |   .2899923   .0825004     3.52   0.000     .1282945    .4516901
         L2. |    .286996   .0723422     3.97   0.000     .1452079    .4287841
             |
     dln_inv |
         L1. |   1.12e-19   5.57e-18     0.02   0.984    -1.08e-17    1.10e-17
         L2. |   .0515305   .0226578     2.27   0.023     .0071221     .095939
             |
       _cons |   .0112223   .0024842     4.52   0.000     .0063534    .0160913
-------------+----------------------------------------------------------------
dln_inc      |
 dln_consump |
         L1. |    .235463   .1110663     2.12   0.034     .0177771    .4531489
         L2. |  -3.32e-17   2.73e-17    -1.22   0.224    -8.67e-17    2.03e-17
             |
     dln_inc |
         L1. |  -3.35e-17   2.71e-17    -1.24   0.215    -8.66e-17    1.95e-17
         L2. |  -1.73e-17   1.61e-17    -1.07   0.282    -4.88e-17    1.42e-17
             |
     dln_inv |
         L1. |   .0472669   .0230169     2.05   0.040     .0021546    .0923791
         L2. |   .0629894   .0263325     2.39   0.017     .0113786    .1146003
             |
       _cons |   .0127585   .0024014     5.31   0.000     .0080519    .0174651
-------------+----------------------------------------------------------------
dln_inv      |
 dln_consump |
         L1. |   .8894705   .4463473     1.99   0.046     .0146459    1.764295
         L2. |   .7532321   .4187462     1.80   0.072    -.0674953    1.573959
             |
     dln_inc |
         L1. |  -8.84e-17   1.10e-16    -0.80   0.421    -3.04e-16    1.27e-16
         L2. |  -8.48e-17   2.14e-16    -0.40   0.692    -5.05e-16    3.35e-16
             |
     dln_inv |
         L1. |    -.25624   .1045915    -2.45   0.014    -.4612356   -.0512443
         L2. |  -2.63e-17   2.54e-17    -1.04   0.300    -7.62e-17    2.35e-17
             |
       _cons |  -.0097218   .0125614    -0.77   0.439    -.0343416     .014898
------------------------------------------------------------------------------
. varlmar

   Lagrange-multiplier test
  +--------------------------------------+
  | lag  |      chi2    df   Prob > chi2 |
  |------+-------------------------------|
  |   1  |  -7.1e+02     9     1.00000   |
  |   2  |  -7.2e+02     9     1.00000   |
  +--------------------------------------+
   H0: no autocorrelation at lag order
. varnorm

   Jarque-Bera test
  +--------------------------------------------------------+
  |           Equation |            chi2   df  Prob > chi2 |
  |--------------------+-----------------------------------|
  |        dln_consump |           11.036   2    0.00401   |
  |            dln_inc |            0.869   2    0.64764   |
  |            dln_inv |           12.553   2    0.00188   |
  |                ALL |           24.457   6    0.00043   |
  +--------------------------------------------------------+

   Skewness test
  +--------------------------------------------------------+
  |           Equation | Skewness   chi2   df  Prob > chi2 |
  |--------------------+-----------------------------------|
  |        dln_consump | -.74579    8.250   1    0.00407   |
  |            dln_inc | -.17547    0.457   1    0.49915   |
  |            dln_inv |  .42156    2.636   1    0.10446   |
  |                ALL |           11.343   3    0.01001   |
  +--------------------------------------------------------+

   Kurtosis test
  +--------------------------------------------------------+
  |           Equation | Kurtosis   chi2   df  Prob > chi2 |
  |--------------------+-----------------------------------|
  |        dln_consump |  3.8666    2.785   1    0.09514   |
  |            dln_inc |  2.6666    0.412   1    0.52091   |
  |            dln_inv |  4.6353    9.917   1    0.00164   |
  |                ALL |           13.114   3    0.00440   |
  +--------------------------------------------------------+
   dfk estimator used in computations

   Eigenvalue stability condition
  +----------------------------------------+
  |        Eigenvalue        |   Modulus   |
  |--------------------------+-------------|
  |   .6289397               |    .62894   |
  |  -.4992968               |   .499297   |
  |  -.3415027 +  .3613781i  |    .49721   |
  |  -.3415027 -  .3613781i  |    .49721   |
  |  .02051253 +  .4183026i  |   .418805   |
  |  .02051253 -  .4183026i  |   .418805   |
  +----------------------------------------+
   All the eigenvalues lie inside the unit circle.
   VAR satisfies stability condition.
