. noi var dln_consump dln_inc dln_inv, lags(1/4) dfk constraint (1 2 3 4 5 6 7 8 9 10 11 12 13 14 15 16 17 18 19 20 21 22 23 24)
Estimating VAR coefficients

Iteration 1:   tolerance =  .03073078
Iteration 2:   tolerance =  .00117148
Iteration 3:   tolerance =  .00005919
Iteration 4:   tolerance =  3.162e-06
Iteration 5:   tolerance =  1.717e-07


Vector autoregression

Sample:  1961q2 - 1982q4                           No. of obs      =        87
Log likelihood =   726.792                         AIC             = -15.81131
FPE            =  3.56e-15                         HQIC            =  -15.3662
Det(Sigma_ml)  =  2.52e-15                         SBIC            =  -14.7059

Equation           Parms      RMSE     R-sq      chi2     P>chi2
----------------------------------------------------------------
dln_consump           6     .009664   0.2222   32.97575   0.0000
dln_inc               4     .010928   0.1342   12.38843   0.0062
dln_inv               5     .041231   0.1464   17.41923   0.0016
----------------------------------------------------------------

 ( 1)  [dln_consump]L4.dln_consump = 0
 ( 2)  [dln_consump]L4.dln_inv = 0
 ( 3)  [dln_consump]L4.dln_inc = 0
 ( 4)  [dln_inv]L4.dln_consump = 0
 ( 5)  [dln_inv]L4.dln_inc = 0
 ( 6)  [dln_inc]L4.dln_consump = 0
 ( 7)  [dln_inc]L4.dln_inv = 0
 ( 8)  [dln_inc]L4.dln_inc = 0
 ( 9)  [dln_consump]L3.dln_consump = 0
 (10)  [dln_consump]L3.dln_inv = 0
 (11)  [dln_consump]L3.dln_inc = 0
 (12)  [dln_inv]L3.dln_consump = 0
 (13)  [dln_inv]L3.dln_inc = 0
 (14)  [dln_inc]L3.dln_consump = 0
 (15)  [dln_inc]L3.dln_inv = 0
 (16)  [dln_inc]L3.dln_inc = 0
 (17)  [dln_consump]L2.dln_consump = 0
 (18)  [dln_inv]L2.dln_consump = 0
 (19)  [dln_inv]L2.dln_inc = 0
 (20)  [dln_inc]L2.dln_consump = 0
 (21)  [dln_inc]L2.dln_inc = 0
 (22)  [dln_inv]L.dln_consump = 0
 (23)  [dln_inv]L.dln_inc = 0
 (24)  [dln_inc]L.dln_inc = 0
------------------------------------------------------------------------------
             |      Coef.   Std. Err.      z    P>|z|     [95% Conf. Interval]
-------------+----------------------------------------------------------------
dln_consump  |
 dln_consump |
         L1. |  -.2798676   .1078594    -2.59   0.009    -.4912681   -.0684671
         L2. |  -1.21e-16   1.57e-16    -0.77   0.440    -4.29e-16    1.86e-16
         L3. |  -2.39e-16   1.13e-16    -2.11   0.035    -4.61e-16   -1.73e-17
         L4. |  -1.76e-18   7.65e-17    -0.02   0.982    -1.52e-16    1.48e-16
             |
     dln_inc |
         L1. |   .2522762   .0838137     3.01   0.003     .0880043    .4165481
         L2. |   .2859033   .0730854     3.91   0.000     .1426586     .429148
         L3. |  -1.32e-16   1.35e-16    -0.97   0.331    -3.97e-16    1.34e-16
         L4. |   3.46e-17   7.59e-17     0.46   0.649    -1.14e-16    1.83e-16
             |
     dln_inv |
         L1. |   .0013881   .0249487     0.06   0.956    -.0475105    .0502867
         L2. |   .0458062   .0244682     1.87   0.061    -.0021505     .093763
         L3. |  -2.96e-17   1.73e-17    -1.71   0.087    -6.35e-17    4.30e-18
         L4. |  -1.32e-17   1.34e-17    -0.99   0.324    -3.95e-17    1.31e-17
             |
       _cons |    .012367   .0024695     5.01   0.000     .0075268    .0172071
-------------+----------------------------------------------------------------
dln_inc      |
 dln_consump |
         L1. |    .219894   .1149254     1.91   0.056    -.0053557    .4451437
         L2. |  -1.92e-16   1.37e-16    -1.40   0.161    -4.61e-16    7.66e-17
         L3. |   1.72e-18   1.67e-16     0.01   0.992    -3.26e-16    3.30e-16
         L4. |  -3.41e-17   7.16e-17    -0.48   0.634    -1.74e-16    1.06e-16
             |
     dln_inc |
         L1. |   2.49e-17   5.93e-17     0.42   0.674    -9.13e-17    1.41e-16
         L2. |   4.02e-17   8.61e-17     0.47   0.641    -1.29e-16    2.09e-16
         L3. |   5.86e-17   1.13e-16     0.52   0.603    -1.62e-16    2.79e-16
         L4. |   7.19e-17   6.02e-17     1.19   0.232    -4.61e-17    1.90e-16
             |
     dln_inv |
         L1. |   .0475065   .0282042     1.68   0.092    -.0077726    .1027857
         L2. |   .0580749    .026975     2.15   0.031     .0052048     .110945
         L3. |   1.66e-18   1.24e-17     0.13   0.893    -2.26e-17    2.59e-17
         L4. |   7.32e-18   7.81e-18     0.94   0.349    -7.99e-18    2.26e-17
             |
       _cons |    .013092   .0024295     5.39   0.000     .0083302    .0178537
-------------+----------------------------------------------------------------
dln_inv      |
 dln_consump |
         L1. |   6.04e-17   3.77e-16     0.16   0.873    -6.79e-16    8.00e-16
         L2. |   2.66e-16   4.22e-16     0.63   0.529    -5.61e-16    1.09e-15
         L3. |   8.31e-17   4.26e-16     0.19   0.845    -7.52e-16    9.18e-16
         L4. |   2.32e-16   4.78e-16     0.49   0.627    -7.04e-16    1.17e-15
             |
     dln_inc |
         L1. |   3.04e-16   2.26e-16     1.35   0.178    -1.39e-16    7.46e-16
         L2. |  -4.51e-17   4.03e-16    -0.11   0.911    -8.36e-16    7.46e-16
         L3. |  -1.65e-16   4.72e-16    -0.35   0.726    -1.09e-15    7.59e-16
         L4. |  -6.38e-16   5.48e-16    -1.16   0.245    -1.71e-15    4.37e-16
             |
     dln_inv |
         L1. |   -.225171   .1025819    -2.20   0.028    -.4262279    -.024114
         L2. |  -.0369617   .1032727    -0.36   0.720    -.2393725     .165449
         L3. |   .1428952   .0974894     1.47   0.143    -.0481804    .3339708
         L4. |   .3499941   .0965675     3.62   0.000     .1607253    .5392628
             |
       _cons |   .0115587   .0059538     1.94   0.052    -.0001106     .023228
------------------------------------------------------------------------------
. estimates store llr2
. lrtest llu2 llr2

Likelihood-ratio test                                 LR chi2(24) =     23.12
(Assumption: llr2 nested in llu2)                     Prob > chi2 =    0.5126
. varlmar
the exogenous variables may not be collinear with the dependent variables, or their lags
r(198);

end of do-file

r(198);

