
Ramsey RESET test using powers of the fitted values of dln_consump
       Ho:  model has no omitted variables
                  F(3, 78) =      1.19
                  Prob > F =      0.3193

Breusch-Pagan / Cook-Weisberg test for heteroskedasticity 
         Ho: Constant variance
         Variables: fitted values of dln_consump

         chi2(1)      =     0.47
         Prob > chi2  =   0.4911

Breusch-Pagan / Cook-Weisberg test for heteroskedasticity 
         Ho: Constant variance
         Variables: L.dln_consump L2.dln_consump L3.dln_consump dln_inc dln_inv L.ln_consump

         chi2(6)      =     7.60
         Prob > chi2  =   0.2686

White's test for Ho: homoskedasticity
         against Ha: unrestricted heteroskedasticity

         chi2(27)     =     38.39
         Prob > chi2  =    0.0719

Cameron & Trivedi's decomposition of IM-test

---------------------------------------------------
              Source |       chi2     df      p
---------------------+-----------------------------
  Heteroskedasticity |      38.39     27    0.0719
            Skewness |       9.38      6    0.1532
            Kurtosis |       0.65      1    0.4218
---------------------+-----------------------------
               Total |      48.42     34    0.0519
---------------------------------------------------

----------------------------------------------------------
 (n = 88) |        D-H     P-value        asy.     P-value
----------+-----------------------------------------------
Residuals |     2.5948      0.2732      2.4639      0.2917
----------------------------------------------------------

Breusch-Godfrey LM test for autocorrelation
---------------------------------------------------------------------------
    lags(p)  |          chi2               df                 Prob > chi2
-------------+-------------------------------------------------------------
       1     |          4.266               1                   0.0389
       2     |          8.164               2                   0.0169
       3     |          9.789               3                   0.0205
       4     |         10.731               4                   0.0298
---------------------------------------------------------------------------
                        H0: no serial correlation
LM test for autoregressive conditional heteroskedasticity (ARCH)
---------------------------------------------------------------------------
    lags(p)  |          chi2               df                 Prob > chi2
-------------+-------------------------------------------------------------
       1     |          3.184               1                   0.0743
       2     |          8.175               2                   0.0168
       3     |          1.331               3                   0.7217
       4     |          0.949               4                   0.9175
---------------------------------------------------------------------------
         H0: no ARCH effects      vs.  H1: ARCH(p) disturbance
